<?xml version="1.0" encoding="UTF-8"?>
<testsuite xmlns:xsi="http://www.w3.org/2001/XMLSchema-instance" xsi:noNamespaceSchemaLocation="https://maven.apache.org/surefire/maven-surefire-plugin/xsd/surefire-test-report-3.0.xsd" version="3.0" name="com.example.train_schedule.TrainScheduleApplicationTests" time="3.412" tests="1" errors="0" skipped="0" failures="0">
  <properties>
[...]
</properties>
  <testcase name="contextLoads" classname="com.example.train_schedule.TrainScheduleApplicationTests" time="0.83">
    <system-out><![CDATA[27.02.2024 01:11:15.329 [main] INFO  o.s.t.c.s.AnnotationConfigContextLoaderUtils - Could not detect default configuration classes for test class [com.example.train_schedule.TrainScheduleApplicationTests]: TrainScheduleApplicationTests does not declare any static, non-private, non-final, nested classes annotated with @Configuration.
27.02.2024 01:11:15.426 [main] INFO  o.s.b.t.c.SpringBootTestContextBootstrapper - Found @SpringBootConfiguration com.example.train_schedule.TrainScheduleApplication for test class com.example.train_schedule.TrainScheduleApplicationTests

  .   ____          _            __ _ _
 /\\ / ___'_ __ _ _(_)_ __  __ _ \ \ \ \
( ( )\___ | '_ | '_| | '_ \/ _` | \ \ \ \
 \\/  ___)| |_)| | | | | || (_| |  ) ) ) )
  '  |____| .__|_| |_|_| |_\__, | / / / /
 =========|_|==============|___/=/_/_/_/
 :: Spring Boot ::                (v3.2.2)

27.02.2024 01:11:15.787 [main] INFO  c.e.t.TrainScheduleApplicationTests - Starting TrainScheduleApplicationTests using Java 17.0.6 with PID 107370 (started by simik in /home/simik/Develop/ServiceTrainSchedule/ServiceTrainSchedule)
27.02.2024 01:11:15.788 [main] INFO  c.e.t.TrainScheduleApplicationTests - No active profile set, falling back to 1 default profile: "default"
27.02.2024 01:11:17.093 [main] INFO  o.v.d.ViburDBCPDataSource - Started org.vibur.dbcp.ViburDBCPDataSource@6cbe68e9[driverClassName = org.postgresql.Driver, jdbcUrl = jdbc:postgresql://127.0.0.1:5432/is?reWriteBatchedInserts=trueapplication_name=TrainSchedule, username = simik, externalDataSource = null, poolInitialSize = 5, poolMaxSize = 50, poolFair = true, pool = org.vibur.objectpool.ConcurrentPool@6f5e16cf[remainingCreated = 5], name = p1, connectionTimeoutInMs = 15000, loginTimeoutInSeconds = 5, acquireRetryDelayInMs = 500, acquireRetryAttempts = 3, statementCacheMaxSize = 0]
27.02.2024 01:11:17.572 [main] INFO  c.e.t.TrainScheduleApplicationTests - Started TrainScheduleApplicationTests in 2.017 seconds (process running for 3.107)
]]></system-out>
  </testcase>
</testsuite>